Removed Pin From Net: NetName=3.3V Pin=3.3V-1
Removed Pin From Net: NetName=3.3V Pin=3.3V-2
Removed Pin From Net: NetName=3.3V Pin=3.3V-3
Removed Pin From Net: NetName=3.3V Pin=3.3V-4
Removed Pin From Net: NetName=3.3V Pin=3.3V-5
Removed Pin From Net: NetName=3.3V Pin=3.3V-6
Removed Pin From Net: NetName=3.3V Pin=3.3V-7
Removed Pin From Net: NetName=3.3V Pin=3.3V-8
Removed Pin From Net: NetName=5V Pin=5V-1
Removed Pin From Net: NetName=5V Pin=5V-2
Removed Pin From Net: NetName=5V Pin=5V-3
Removed Pin From Net: NetName=5V Pin=5V-4
Removed Pin From Net: NetName=5V Pin=5V-5
Removed Pin From Net: NetName=5V Pin=5V-6
Removed Pin From Net: NetName=5V Pin=5V-7
Removed Pin From Net: NetName=5V Pin=5V-8
Removed Pin From Net: NetName=GND Pin=GND-1
Removed Pin From Net: NetName=GND Pin=GND-2
Removed Pin From Net: NetName=GND Pin=GND-3
Removed Pin From Net: NetName=GND Pin=GND-4
Removed Pin From Net: NetName=GND Pin=GND-5
Removed Pin From Net: NetName=GND Pin=GND-6
Removed Pin From Net: NetName=GND Pin=GND-7
Removed Pin From Net: NetName=GND Pin=GND-8
Removed Member From Class: ClassName=Sheet1 Member=3.3V
Removed Member From Class: ClassName=Sheet1 Member=5V
Removed Member From Class: ClassName=Sheet1 Member=GND
