Added Component: Designator=JP1(HDR-20X2)
Add component. Clean all parameters for all variants
Add component (AddParameter): Name = "BOM名称"; Value = "20*2P接插件"; VariantName = "[No Variations]"
Add component (AddParameter): Name = "学习资源"; Value = "www.ooocke.com"; VariantName = "[No Variations]"
Add component (AddParameter): Name = "版权归属"; Value = "源创客"; VariantName = "[No Variations]"
Added Component: Designator=JP2(HDR-17X2)
Add component. Clean all parameters for all variants
Add component (AddParameter): Name = "BOM名称"; Value = "17*2P接插件"; VariantName = "[No Variations]"
Add component (AddParameter): Name = "学习资源"; Value = "www.ooocke.com"; VariantName = "[No Variations]"
Add component (AddParameter): Name = "版权归属"; Value = "源创客"; VariantName = "[No Variations]"
Added Component: Designator=JP3(HDR-20X2)
Add component. Clean all parameters for all variants
Add component (AddParameter): Name = "BOM名称"; Value = "20*2P接插件"; VariantName = "[No Variations]"
Add component (AddParameter): Name = "学习资源"; Value = "www.ooocke.com"; VariantName = "[No Variations]"
Add component (AddParameter): Name = "版权归属"; Value = "源创客"; VariantName = "[No Variations]"
Added Component: Designator=JP4(HDR-6X2)
Add component. Clean all parameters for all variants
Add component (AddParameter): Name = "BOM名称"; Value = "6*2P接插件"; VariantName = "[No Variations]"
Add component (AddParameter): Name = "学习资源"; Value = "www.ooocke.com"; VariantName = "[No Variations]"
Add component (AddParameter): Name = "版权归属"; Value = "源创客"; VariantName = "[No Variations]"
Added Component: Designator=U1(STM32F407ZGT6)
Add component. Clean all parameters for all variants
Add component (AddParameter): Name = "LatestRevisionDate"; Value = "17-Jul-2002"; VariantName = "[No Variations]"
Add component (AddParameter): Name = "LatestRevisionNote"; Value = "Re-released for DXP Platform."; VariantName = "[No Variations]"
Add component (AddParameter): Name = "Publisher"; Value = "Altium Limited"; VariantName = "[No Variations]"
Added Pin To Net: NetName=3.3V Pin=JP1-3
Added Pin To Net: NetName=3.3V Pin=JP1-4
Added Pin To Net: NetName=3.3V Pin=JP3-38
Added Pin To Net: NetName=3.3V Pin=U1-3
Added Pin To Net: NetName=3.3V Pin=U1-4
Added Pin To Net: NetName=3.3V Pin=U1-112
Added Net: Name=3.3V
Added Pin To Net: NetName=5V Pin=JP3-35
Added Pin To Net: NetName=5V Pin=JP3-36
Added Pin To Net: NetName=5V Pin=U1-109
Added Pin To Net: NetName=5V Pin=U1-110
Added Net: Name=5V
Added Pin To Net: NetName=GND Pin=JP1-1
Added Pin To Net: NetName=GND Pin=JP1-2
Added Pin To Net: NetName=GND Pin=JP2-2
Added Pin To Net: NetName=GND Pin=JP2-4
Added Pin To Net: NetName=GND Pin=JP2-32
Added Pin To Net: NetName=GND Pin=JP2-34
Added Pin To Net: NetName=GND Pin=JP3-39
Added Pin To Net: NetName=GND Pin=JP3-40
Added Pin To Net: NetName=GND Pin=U1-1
Added Pin To Net: NetName=GND Pin=U1-2
Added Pin To Net: NetName=GND Pin=U1-43
Added Pin To Net: NetName=GND Pin=U1-44
Added Pin To Net: NetName=GND Pin=U1-72
Added Pin To Net: NetName=GND Pin=U1-74
Added Pin To Net: NetName=GND Pin=U1-113
Added Pin To Net: NetName=GND Pin=U1-114
Added Net: Name=GND
Added Pin To Net: NetName=PA0 Pin=JP3-22
Added Pin To Net: NetName=PA0 Pin=U1-96
Added Net: Name=PA0
Added Pin To Net: NetName=PA1 Pin=JP3-19
Added Pin To Net: NetName=PA1 Pin=U1-93
Added Net: Name=PA1
Added Pin To Net: NetName=PA2 Pin=JP3-20
Added Pin To Net: NetName=PA2 Pin=U1-94
Added Net: Name=PA2
Added Pin To Net: NetName=PA3 Pin=JP3-17
Added Pin To Net: NetName=PA3 Pin=U1-91
Added Net: Name=PA3
Added Pin To Net: NetName=PA4 Pin=JP3-18
Added Pin To Net: NetName=PA4 Pin=U1-92
Added Net: Name=PA4
Added Pin To Net: NetName=PA5 Pin=JP3-15
Added Pin To Net: NetName=PA5 Pin=U1-89
Added Net: Name=PA5
Added Pin To Net: NetName=PA6 Pin=JP3-16
Added Pin To Net: NetName=PA6 Pin=U1-90
Added Net: Name=PA6
Added Pin To Net: NetName=PA7 Pin=JP3-13
Added Pin To Net: NetName=PA7 Pin=U1-87
Added Net: Name=PA7
Added Pin To Net: NetName=PA8 Pin=JP1-37
Added Pin To Net: NetName=PA8 Pin=U1-37
Added Net: Name=PA8
Added Pin To Net: NetName=PA9 Pin=JP1-36
Added Pin To Net: NetName=PA9 Pin=U1-36
Added Net: Name=PA9
Added Pin To Net: NetName=PA10 Pin=JP1-35
Added Pin To Net: NetName=PA10 Pin=U1-35
Added Net: Name=PA10
Added Pin To Net: NetName=PA11 Pin=JP1-34
Added Pin To Net: NetName=PA11 Pin=U1-34
Added Net: Name=PA11
Added Pin To Net: NetName=PA12 Pin=JP1-33
Added Pin To Net: NetName=PA12 Pin=U1-33
Added Net: Name=PA12
Added Pin To Net: NetName=PA13 Pin=JP1-32
Added Pin To Net: NetName=PA13 Pin=U1-32
Added Net: Name=PA13
Added Pin To Net: NetName=PA14 Pin=JP1-31
Added Pin To Net: NetName=PA14 Pin=U1-31
Added Net: Name=PA14
Added Pin To Net: NetName=PA15 Pin=JP1-30
Added Pin To Net: NetName=PA15 Pin=U1-30
Added Net: Name=PA15
Added Pin To Net: NetName=PB0 Pin=JP3-12
Added Pin To Net: NetName=PB0 Pin=U1-86
Added Net: Name=PB0
Added Pin To Net: NetName=PB1 Pin=JP3-9
Added Pin To Net: NetName=PB1 Pin=U1-83
Added Net: Name=PB1
Added Pin To Net: NetName=PB2 Pin=JP3-10
Added Pin To Net: NetName=PB2 Pin=U1-84
Added Net: Name=PB2
Added Pin To Net: NetName=PB3 Pin=JP1-11
Added Pin To Net: NetName=PB3 Pin=U1-11
Added Net: Name=PB3
Added Pin To Net: NetName=PB4 Pin=JP1-10
Added Pin To Net: NetName=PB4 Pin=U1-10
Added Net: Name=PB4
Added Pin To Net: NetName=PB5 Pin=JP1-9
Added Pin To Net: NetName=PB5 Pin=U1-9
Added Net: Name=PB5
Added Pin To Net: NetName=PB6 Pin=JP1-8
Added Pin To Net: NetName=PB6 Pin=U1-8
Added Net: Name=PB6
Added Pin To Net: NetName=PB7 Pin=JP1-7
Added Pin To Net: NetName=PB7 Pin=U1-7
Added Net: Name=PB7
Added Pin To Net: NetName=PB8 Pin=JP1-6
Added Pin To Net: NetName=PB8 Pin=U1-6
Added Net: Name=PB8
Added Pin To Net: NetName=PB9 Pin=JP1-5
Added Pin To Net: NetName=PB9 Pin=U1-5
Added Net: Name=PB9
Added Pin To Net: NetName=PB10 Pin=JP2-24
Added Pin To Net: NetName=PB10 Pin=U1-64
Added Net: Name=PB10
Added Pin To Net: NetName=PB11 Pin=JP2-23
Added Pin To Net: NetName=PB11 Pin=U1-63
Added Net: Name=PB11
Added Pin To Net: NetName=PB12 Pin=JP2-22
Added Pin To Net: NetName=PB12 Pin=U1-62
Added Net: Name=PB12
Added Pin To Net: NetName=PB13 Pin=JP2-21
Added Pin To Net: NetName=PB13 Pin=U1-61
Added Net: Name=PB13
Added Pin To Net: NetName=PB14 Pin=JP2-20
Added Pin To Net: NetName=PB14 Pin=U1-60
Added Net: Name=PB14
Added Pin To Net: NetName=PB15 Pin=JP2-19
Added Pin To Net: NetName=PB15 Pin=U1-59
Added Net: Name=PB15
Added Pin To Net: NetName=PC0 Pin=JP3-26
Added Pin To Net: NetName=PC0 Pin=U1-100
Added Net: Name=PC0
Added Pin To Net: NetName=PC1 Pin=JP3-23
Added Pin To Net: NetName=PC1 Pin=U1-97
Added Net: Name=PC1
Added Pin To Net: NetName=PC2 Pin=JP3-24
Added Pin To Net: NetName=PC2 Pin=U1-98
Added Net: Name=PC2
Added Pin To Net: NetName=PC3 Pin=JP3-21
Added Pin To Net: NetName=PC3 Pin=U1-95
Added Net: Name=PC3
Added Pin To Net: NetName=PC4 Pin=JP3-14
Added Pin To Net: NetName=PC4 Pin=U1-88
Added Net: Name=PC4
Added Pin To Net: NetName=PC5 Pin=JP3-11
Added Pin To Net: NetName=PC5 Pin=U1-85
Added Net: Name=PC5
Added Pin To Net: NetName=PC6 Pin=JP2-3
Added Pin To Net: NetName=PC6 Pin=U1-41
Added Net: Name=PC6
Added Pin To Net: NetName=PC7 Pin=JP1-40
Added Pin To Net: NetName=PC7 Pin=U1-40
Added Net: Name=PC7
Added Pin To Net: NetName=PC8 Pin=JP1-39
Added Pin To Net: NetName=PC8 Pin=U1-39
Added Net: Name=PC8
Added Pin To Net: NetName=PC9 Pin=JP1-38
Added Pin To Net: NetName=PC9 Pin=U1-38
Added Net: Name=PC9
Added Pin To Net: NetName=PC10 Pin=JP1-29
Added Pin To Net: NetName=PC10 Pin=U1-29
Added Net: Name=PC10
Added Pin To Net: NetName=PC11 Pin=JP1-28
Added Pin To Net: NetName=PC11 Pin=U1-28
Added Net: Name=PC11
Added Pin To Net: NetName=PC12 Pin=JP1-27
Added Pin To Net: NetName=PC12 Pin=U1-27
Added Net: Name=PC12
Added Pin To Net: NetName=PC13 Pin=JP4-6
Added Pin To Net: NetName=PC13 Pin=U1-120
Added Net: Name=PC13
Added Pin To Net: NetName=PC14 Pin=JP4-3
Added Pin To Net: NetName=PC14 Pin=U1-117
Added Net: Name=PC14
Added Pin To Net: NetName=PC15 Pin=JP4-4
Added Pin To Net: NetName=PC15 Pin=U1-118
Added Net: Name=PC15
Added Pin To Net: NetName=PD0 Pin=JP1-26
Added Pin To Net: NetName=PD0 Pin=U1-26
Added Net: Name=PD0
Added Pin To Net: NetName=PD1 Pin=JP1-25
Added Pin To Net: NetName=PD1 Pin=U1-25
Added Net: Name=PD1
Added Pin To Net: NetName=PD2 Pin=JP1-24
Added Pin To Net: NetName=PD2 Pin=U1-24
Added Net: Name=PD2
Added Pin To Net: NetName=PD3 Pin=JP1-23
Added Pin To Net: NetName=PD3 Pin=U1-23
Added Net: Name=PD3
Added Pin To Net: NetName=PD4 Pin=JP1-22
Added Pin To Net: NetName=PD4 Pin=U1-22
Added Net: Name=PD4
Added Pin To Net: NetName=PD5 Pin=JP1-21
Added Pin To Net: NetName=PD5 Pin=U1-21
Added Net: Name=PD5
Added Pin To Net: NetName=PD6 Pin=JP1-20
Added Pin To Net: NetName=PD6 Pin=U1-20
Added Net: Name=PD6
Added Pin To Net: NetName=PD7 Pin=JP1-19
Added Pin To Net: NetName=PD7 Pin=U1-19
Added Net: Name=PD7
Added Pin To Net: NetName=PD8 Pin=JP2-18
Added Pin To Net: NetName=PD8 Pin=U1-58
Added Net: Name=PD8
Added Pin To Net: NetName=PD9 Pin=JP2-17
Added Pin To Net: NetName=PD9 Pin=U1-57
Added Net: Name=PD9
Added Pin To Net: NetName=PD10 Pin=JP2-16
Added Pin To Net: NetName=PD10 Pin=U1-56
Added Net: Name=PD10
Added Pin To Net: NetName=PD11 Pin=JP2-15
Added Pin To Net: NetName=PD11 Pin=U1-55
Added Net: Name=PD11
Added Pin To Net: NetName=PD12 Pin=JP2-14
Added Pin To Net: NetName=PD12 Pin=U1-54
Added Net: Name=PD12
Added Pin To Net: NetName=PD13 Pin=JP2-13
Added Pin To Net: NetName=PD13 Pin=U1-53
Added Net: Name=PD13
Added Pin To Net: NetName=PD14 Pin=JP2-12
Added Pin To Net: NetName=PD14 Pin=U1-52
Added Net: Name=PD14
Added Pin To Net: NetName=PD15 Pin=JP2-11
Added Pin To Net: NetName=PD15 Pin=U1-51
Added Net: Name=PD15
Added Pin To Net: NetName=PE0 Pin=JP4-11
Added Pin To Net: NetName=PE0 Pin=U1-125
Added Net: Name=PE0
Added Pin To Net: NetName=PE1 Pin=JP4-12
Added Pin To Net: NetName=PE1 Pin=U1-126
Added Net: Name=PE1
Added Pin To Net: NetName=PE2 Pin=JP4-9
Added Pin To Net: NetName=PE2 Pin=U1-123
Added Net: Name=PE2
Added Pin To Net: NetName=PE3 Pin=JP4-10
Added Pin To Net: NetName=PE3 Pin=U1-124
Added Net: Name=PE3
Added Pin To Net: NetName=PE4 Pin=JP4-7
Added Pin To Net: NetName=PE4 Pin=U1-121
Added Net: Name=PE4
Added Pin To Net: NetName=PE5 Pin=JP4-8
Added Pin To Net: NetName=PE5 Pin=U1-122
Added Net: Name=PE5
Added Pin To Net: NetName=PE6 Pin=JP4-5
Added Pin To Net: NetName=PE6 Pin=U1-119
Added Net: Name=PE6
Added Pin To Net: NetName=PE7 Pin=JP3-2
Added Pin To Net: NetName=PE7 Pin=U1-76
Added Net: Name=PE7
Added Pin To Net: NetName=PE8 Pin=JP2-33
Added Pin To Net: NetName=PE8 Pin=U1-73
Added Net: Name=PE8
Added Pin To Net: NetName=PE9 Pin=JP2-31
Added Pin To Net: NetName=PE9 Pin=U1-71
Added Net: Name=PE9
Added Pin To Net: NetName=PE10 Pin=JP2-30
Added Pin To Net: NetName=PE10 Pin=U1-70
Added Net: Name=PE10
Added Pin To Net: NetName=PE11 Pin=JP2-29
Added Pin To Net: NetName=PE11 Pin=U1-69
Added Net: Name=PE11
Added Pin To Net: NetName=PE12 Pin=JP2-28
Added Pin To Net: NetName=PE12 Pin=U1-68
Added Net: Name=PE12
Added Pin To Net: NetName=PE13 Pin=JP2-27
Added Pin To Net: NetName=PE13 Pin=U1-67
Added Net: Name=PE13
Added Pin To Net: NetName=PE14 Pin=JP2-26
Added Pin To Net: NetName=PE14 Pin=U1-66
Added Net: Name=PE14
Added Pin To Net: NetName=PE15 Pin=JP2-25
Added Pin To Net: NetName=PE15 Pin=U1-65
Added Net: Name=PE15
Added Pin To Net: NetName=PF0 Pin=JP4-1
Added Pin To Net: NetName=PF0 Pin=U1-115
Added Net: Name=PF0
Added Pin To Net: NetName=PF1 Pin=JP4-2
Added Pin To Net: NetName=PF1 Pin=U1-116
Added Net: Name=PF1
Added Pin To Net: NetName=PF2 Pin=JP3-33
Added Pin To Net: NetName=PF2 Pin=U1-107
Added Net: Name=PF2
Added Pin To Net: NetName=PF3 Pin=JP3-34
Added Pin To Net: NetName=PF3 Pin=U1-108
Added Net: Name=PF3
Added Pin To Net: NetName=PF4 Pin=JP3-31
Added Pin To Net: NetName=PF4 Pin=U1-105
Added Net: Name=PF4
Added Pin To Net: NetName=PF5 Pin=JP3-32
Added Pin To Net: NetName=PF5 Pin=U1-106
Added Net: Name=PF5
Added Pin To Net: NetName=PF6 Pin=JP3-29
Added Pin To Net: NetName=PF6 Pin=U1-103
Added Net: Name=PF6
Added Pin To Net: NetName=PF7 Pin=JP3-30
Added Pin To Net: NetName=PF7 Pin=U1-104
Added Net: Name=PF7
Added Pin To Net: NetName=PF8 Pin=JP3-27
Added Pin To Net: NetName=PF8 Pin=U1-101
Added Net: Name=PF8
Added Pin To Net: NetName=PF9 Pin=JP3-28
Added Pin To Net: NetName=PF9 Pin=U1-102
Added Net: Name=PF9
Added Pin To Net: NetName=PF10 Pin=JP3-25
Added Pin To Net: NetName=PF10 Pin=U1-99
Added Net: Name=PF10
Added Pin To Net: NetName=PF11 Pin=JP3-7
Added Pin To Net: NetName=PF11 Pin=U1-81
Added Net: Name=PF11
Added Pin To Net: NetName=PF12 Pin=JP3-8
Added Pin To Net: NetName=PF12 Pin=U1-82
Added Net: Name=PF12
Added Pin To Net: NetName=PF13 Pin=JP3-5
Added Pin To Net: NetName=PF13 Pin=U1-79
Added Net: Name=PF13
Added Pin To Net: NetName=PF14 Pin=JP3-6
Added Pin To Net: NetName=PF14 Pin=U1-80
Added Net: Name=PF14
Added Pin To Net: NetName=PF15 Pin=JP3-3
Added Pin To Net: NetName=PF15 Pin=U1-77
Added Net: Name=PF15
Added Pin To Net: NetName=PG0 Pin=JP3-4
Added Pin To Net: NetName=PG0 Pin=U1-78
Added Net: Name=PG0
Added Pin To Net: NetName=PG1 Pin=JP3-1
Added Pin To Net: NetName=PG1 Pin=U1-75
Added Net: Name=PG1
Added Pin To Net: NetName=PG2 Pin=JP2-10
Added Pin To Net: NetName=PG2 Pin=U1-50
Added Net: Name=PG2
Added Pin To Net: NetName=PG3 Pin=JP2-9
Added Pin To Net: NetName=PG3 Pin=U1-49
Added Net: Name=PG3
Added Pin To Net: NetName=PG4 Pin=JP2-8
Added Pin To Net: NetName=PG4 Pin=U1-48
Added Net: Name=PG4
Added Pin To Net: NetName=PG5 Pin=JP2-7
Added Pin To Net: NetName=PG5 Pin=U1-47
Added Net: Name=PG5
Added Pin To Net: NetName=PG6 Pin=JP2-6
Added Pin To Net: NetName=PG6 Pin=U1-46
Added Net: Name=PG6
Added Pin To Net: NetName=PG7 Pin=JP2-5
Added Pin To Net: NetName=PG7 Pin=U1-45
Added Net: Name=PG7
Added Pin To Net: NetName=PG8 Pin=JP2-1
Added Pin To Net: NetName=PG8 Pin=U1-42
Added Net: Name=PG8
Added Pin To Net: NetName=PG9 Pin=JP1-18
Added Pin To Net: NetName=PG9 Pin=U1-18
Added Net: Name=PG9
Added Pin To Net: NetName=PG10 Pin=JP1-17
Added Pin To Net: NetName=PG10 Pin=U1-17
Added Net: Name=PG10
Added Pin To Net: NetName=PG11 Pin=JP1-16
Added Pin To Net: NetName=PG11 Pin=U1-16
Added Net: Name=PG11
Added Pin To Net: NetName=PG12 Pin=JP1-15
Added Pin To Net: NetName=PG12 Pin=U1-15
Added Net: Name=PG12
Added Pin To Net: NetName=PG13 Pin=JP1-14
Added Pin To Net: NetName=PG13 Pin=U1-14
Added Net: Name=PG13
Added Pin To Net: NetName=PG14 Pin=JP1-13
Added Pin To Net: NetName=PG14 Pin=U1-13
Added Net: Name=PG14
Added Pin To Net: NetName=PG15 Pin=JP1-12
Added Pin To Net: NetName=PG15 Pin=U1-12
Added Net: Name=PG15
Added Pin To Net: NetName=VBAT Pin=JP3-37
Added Pin To Net: NetName=VBAT Pin=U1-111
Added Net: Name=VBAT
