Removed Pin From Net: NetName=3.3V Pin=LMT70-1
Removed Pin From Net: NetName=PA0 Pin=LMT70-2
Removed Pin From Net: NetName=GND Pin=LMT70-3
Removed Pin From Net: NetName=3.3V Pin=MLX90614-1
Removed Pin From Net: NetName=GND Pin=MLX90614-2
Removed Pin From Net: NetName=PB6 Pin=MLX90614-3
Removed Pin From Net: NetName=PB7 Pin=MLX90614-4
Removed Pin From Net: NetName=PB6 Pin=R1-1
Removed Pin From Net: NetName=3.3V Pin=R1-2
Removed Pin From Net: NetName=PB7 Pin=R2-1
Removed Pin From Net: NetName=3.3V Pin=R2-2
Change Component Designator: OldDesignator=GND NewDesignator=GND1
Added Component: Designator=GND2(HDR-1X8)
Add component. Clean all parameters for all variants
Add component (AddParameter): Name = "BOM名称"; Value = "8P接插件"; VariantName = "[No Variations]"
Add component (AddParameter): Name = "学习资源"; Value = "www.ooocke.com"; VariantName = "[No Variations]"
Add component (AddParameter): Name = "版权归属"; Value = "源创客"; VariantName = "[No Variations]"
Added Pin To Net: NetName=GND Pin=GND2-1
Added Pin To Net: NetName=GND Pin=GND2-2
Added Pin To Net: NetName=GND Pin=GND2-3
Added Pin To Net: NetName=GND Pin=GND2-4
Added Pin To Net: NetName=GND Pin=GND2-5
Added Pin To Net: NetName=GND Pin=GND2-6
Added Pin To Net: NetName=GND Pin=GND2-7
Added Pin To Net: NetName=GND Pin=GND2-8
Added Member To Class: ClassName=Sheet1 Member=Component GND1 HDR-1X8
Added Member To Class: ClassName=Sheet1 Member=Component GND2 HDR-1X8
