Removed Pin From Net: NetName=PG1 Pin=JP3-1
Removed Pin From Net: NetName=PE7 Pin=JP3-2
Removed Pin From Net: NetName=PF15 Pin=JP3-3
Removed Pin From Net: NetName=PG0 Pin=JP3-4
Removed Pin From Net: NetName=PF13 Pin=JP3-5
Removed Pin From Net: NetName=PF14 Pin=JP3-6
Removed Pin From Net: NetName=PF11 Pin=JP3-7
Removed Pin From Net: NetName=PF12 Pin=JP3-8
Removed Pin From Net: NetName=PB1 Pin=JP3-9
Removed Pin From Net: NetName=PB2 Pin=JP3-10
Removed Pin From Net: NetName=PC5 Pin=JP3-11
Removed Pin From Net: NetName=PB0 Pin=JP3-12
Removed Pin From Net: NetName=PA7 Pin=JP3-13
Removed Pin From Net: NetName=PC4 Pin=JP3-14
Removed Pin From Net: NetName=PA5 Pin=JP3-15
Removed Pin From Net: NetName=PA6 Pin=JP3-16
Removed Pin From Net: NetName=PA3 Pin=JP3-17
Removed Pin From Net: NetName=PA4 Pin=JP3-18
Removed Pin From Net: NetName=PA1 Pin=JP3-19
Removed Pin From Net: NetName=PA2 Pin=JP3-20
Removed Pin From Net: NetName=PC3 Pin=JP3-21
Removed Pin From Net: NetName=PA0 Pin=JP3-22
Removed Pin From Net: NetName=PC1 Pin=JP3-23
Removed Pin From Net: NetName=PC2 Pin=JP3-24
Removed Pin From Net: NetName=PF10 Pin=JP3-25
Removed Pin From Net: NetName=PC0 Pin=JP3-26
Removed Pin From Net: NetName=PF8 Pin=JP3-27
Removed Pin From Net: NetName=PF9 Pin=JP3-28
Removed Pin From Net: NetName=PF6 Pin=JP3-29
Removed Pin From Net: NetName=PF7 Pin=JP3-30
Removed Pin From Net: NetName=PF4 Pin=JP3-31
Removed Pin From Net: NetName=PF5 Pin=JP3-32
Removed Pin From Net: NetName=PF2 Pin=JP3-33
Removed Pin From Net: NetName=PF3 Pin=JP3-34
Removed Pin From Net: NetName=VBAT Pin=JP3-37
Removed Pin From Net: NetName=3.3V Pin=JP3-38
Removed Pin From Net: NetName=PF0 Pin=JP4-1
Removed Pin From Net: NetName=PF1 Pin=JP4-2
Removed Pin From Net: NetName=PC14 Pin=JP4-3
Removed Pin From Net: NetName=PC15 Pin=JP4-4
Removed Pin From Net: NetName=PE6 Pin=JP4-5
Removed Pin From Net: NetName=PC13 Pin=JP4-6
Removed Pin From Net: NetName=PE4 Pin=JP4-7
Removed Pin From Net: NetName=PE5 Pin=JP4-8
Removed Pin From Net: NetName=PE2 Pin=JP4-9
Removed Pin From Net: NetName=PE3 Pin=JP4-10
Removed Pin From Net: NetName=PE0 Pin=JP4-11
Removed Pin From Net: NetName=PE1 Pin=JP4-12
Added Pin To Net: NetName=PE7 Pin=JP3-1
Added Pin To Net: NetName=PG1 Pin=JP3-2
Added Pin To Net: NetName=PG0 Pin=JP3-3
Added Pin To Net: NetName=PF15 Pin=JP3-4
Added Pin To Net: NetName=PF14 Pin=JP3-5
Added Pin To Net: NetName=PF13 Pin=JP3-6
Added Pin To Net: NetName=PF12 Pin=JP3-7
Added Pin To Net: NetName=PF11 Pin=JP3-8
Added Pin To Net: NetName=PB2 Pin=JP3-9
Added Pin To Net: NetName=PB1 Pin=JP3-10
Added Pin To Net: NetName=PB0 Pin=JP3-11
Added Pin To Net: NetName=PC5 Pin=JP3-12
Added Pin To Net: NetName=PC4 Pin=JP3-13
Added Pin To Net: NetName=PA7 Pin=JP3-14
Added Pin To Net: NetName=PA6 Pin=JP3-15
Added Pin To Net: NetName=PA5 Pin=JP3-16
Added Pin To Net: NetName=PA4 Pin=JP3-17
Added Pin To Net: NetName=PA3 Pin=JP3-18
Added Pin To Net: NetName=PA2 Pin=JP3-19
Added Pin To Net: NetName=PA1 Pin=JP3-20
Added Pin To Net: NetName=PA0 Pin=JP3-21
Added Pin To Net: NetName=PC3 Pin=JP3-22
Added Pin To Net: NetName=PC2 Pin=JP3-23
Added Pin To Net: NetName=PC1 Pin=JP3-24
Added Pin To Net: NetName=PC0 Pin=JP3-25
Added Pin To Net: NetName=PF10 Pin=JP3-26
Added Pin To Net: NetName=PF9 Pin=JP3-27
Added Pin To Net: NetName=PF8 Pin=JP3-28
Added Pin To Net: NetName=PF7 Pin=JP3-29
Added Pin To Net: NetName=PF6 Pin=JP3-30
Added Pin To Net: NetName=PF5 Pin=JP3-31
Added Pin To Net: NetName=PF4 Pin=JP3-32
Added Pin To Net: NetName=PF3 Pin=JP3-33
Added Pin To Net: NetName=PF2 Pin=JP3-34
Added Pin To Net: NetName=3.3V Pin=JP3-37
Added Pin To Net: NetName=VBAT Pin=JP3-38
Added Pin To Net: NetName=PF1 Pin=JP4-1
Added Pin To Net: NetName=PF0 Pin=JP4-2
Added Pin To Net: NetName=PC15 Pin=JP4-3
Added Pin To Net: NetName=PC14 Pin=JP4-4
Added Pin To Net: NetName=PC13 Pin=JP4-5
Added Pin To Net: NetName=PE6 Pin=JP4-6
Added Pin To Net: NetName=PE5 Pin=JP4-7
Added Pin To Net: NetName=PE4 Pin=JP4-8
Added Pin To Net: NetName=PE3 Pin=JP4-9
Added Pin To Net: NetName=PE2 Pin=JP4-10
Added Pin To Net: NetName=PE1 Pin=JP4-11
Added Pin To Net: NetName=PE0 Pin=JP4-12
